<?xml version="1.0" encoding="UTF-8"?>
<!-- Generated by org.testng.reporters.JUnitReportReporter -->
<testsuite skipped="0" hostname="SS-VAIO" name="test.NewAccountTest" tests="1" failures="0" timestamp="29 Feb 2020 04:14:22 GMT" time="77.937" errors="0">
  <testcase name="addNewAccount" time="77.937" classname="test.NewAccountTest"/>
</testsuite> <!-- test.NewAccountTest -->
